;  LST file generated by mikroListExporter - v.2.0 
; Date/Time: 7/8/2018 11:41:49 PM
;----------------------------------------------

;Address Opcode 	ASM
0x0000	0xF002EFBE  	GOTO        1404
0x0004	0x0000      	NOP
0x0006	0x0000      	NOP
0x0008	0xF000EF00  	GOTO        0
0x000C	0x0000      	NOP
0x000E	0x0000      	NOP
0x0010	0x0000      	NOP
0x0012	0x0000      	NOP
0x0014	0x0000      	NOP
0x0016	0x0000      	NOP
0x0018	0xD7F3      	BRA         0
_SPI2_Read:
;__Lib_SPI_c345d014.c,140 :: 		
;__Lib_SPI_c345d014.c,141 :: 		
0x001C	0xFF6FC073  	MOVFF       FARG_SPI2_Read_buffer, SSP2BUF
;__Lib_SPI_c345d014.c,142 :: 		
L_SPI2_Read14:
0x0020	0xB06D      	BTFSC       SSP2STAT, 0 
0x0022	0xD002      	BRA         L_SPI2_Read15
;__Lib_SPI_c345d014.c,143 :: 		
0x0024	0x0000      	NOP
0x0026	0xD7FC      	BRA         L_SPI2_Read14
L_SPI2_Read15:
;__Lib_SPI_c345d014.c,144 :: 		
0x0028	0xF000CF6F  	MOVFF       SSP2BUF, R0
;__Lib_SPI_c345d014.c,147 :: 		
L_end_SPI2_Read:
0x002C	0x0012      	RETURN      0
; end of _SPI2_Read
_SPI1_Read:
;__Lib_SPI_c345d014.c,71 :: 		
;__Lib_SPI_c345d014.c,72 :: 		
0x002E	0xFFC9C073  	MOVFF       FARG_SPI1_Read_buffer, SSP1BUF
;__Lib_SPI_c345d014.c,73 :: 		
L_SPI1_Read6:
0x0032	0xB0C7      	BTFSC       SSP1STAT, 0 
0x0034	0xD002      	BRA         L_SPI1_Read7
;__Lib_SPI_c345d014.c,74 :: 		
0x0036	0x0000      	NOP
0x0038	0xD7FC      	BRA         L_SPI1_Read6
L_SPI1_Read7:
;__Lib_SPI_c345d014.c,75 :: 		
0x003A	0xF000CFC9  	MOVFF       SSP1BUF, R0
;__Lib_SPI_c345d014.c,78 :: 		
L_end_SPI1_Read:
0x003E	0x0012      	RETURN      0
; end of _SPI1_Read
_____DoIFC:
;__Lib_System.c,93 :: 		
;__Lib_System.c,94 :: 		
0x0040	0x50F2      	MOVF        INTCON, 0, 0
;__Lib_System.c,95 :: 		
0x0042	0x6E02      	MOVWF       R2, 0
;__Lib_System.c,96 :: 		
0x0044	0x9EF2      	BCF         INTCON, 7 
;__Lib_System.c,97 :: 		
0x0046	0x0005      	PUSH
;__Lib_System.c,98 :: 		
0x0048	0x6AFF      	CLRF        TOSU, 0
;__Lib_System.c,99 :: 		
0x004A	0x5001      	MOVF        R1, 0, 0
;__Lib_System.c,100 :: 		
0x004C	0x6EFE      	MOVWF       TOSH, 0
;__Lib_System.c,101 :: 		
0x004E	0x5000      	MOVF        R0, 0, 0
;__Lib_System.c,102 :: 		
0x0050	0x6EFD      	MOVWF       TOSL, 0
;__Lib_System.c,103 :: 		
0x0052	0xBE02      	BTFSC       R2, 7, 0
;__Lib_System.c,104 :: 		
0x0054	0x8EF2      	BSF         INTCON, 7, 0
;__Lib_System.c,105 :: 		
;__Lib_System.c,107 :: 		
L_end_____DoIFC:
0x0056	0x0012      	RETURN      0
; end of _____DoIFC
_Delay_500us:
;__Lib_Delays.c,27 :: 		void Delay_500us() {
;__Lib_Delays.c,28 :: 		Delay_us(498);
0x0058	0x0E02      	MOVLW       2
0x005A	0x6E0C      	MOVWF       R12, 0
0x005C	0x0E49      	MOVLW       73
0x005E	0x6E0D      	MOVWF       R13, 0
L_Delay_500us4:
0x0060	0x2E0D      	DECFSZ      R13, 1, 0
0x0062	0xD7FE      	BRA         L_Delay_500us4
0x0064	0x2E0C      	DECFSZ      R12, 1, 0
0x0066	0xD7FC      	BRA         L_Delay_500us4
0x0068	0x0000      	NOP
0x006A	0x0000      	NOP
;__Lib_Delays.c,29 :: 		}
L_end_Delay_500us:
0x006C	0x0012      	RETURN      0
; end of _Delay_500us
_SPI_Ethernet_setBitReg:
;__Lib_EthEnc28j60.c,2837 :: 		
;__Lib_EthEnc28j60.c,2839 :: 		
0x006E	0x9282      	BCF         SPI_Ethernet_CS, BitPos(SPI_Ethernet_CS+0) 
;__Lib_EthEnc28j60.c,2840 :: 		
0x0070	0x0E80      	MOVLW       128
0x0072	0x0100      	MOVLB       0
0x0074	0x1171      	IORWF       FARG_SPI_Ethernet_setBitReg_addr, 0, 1
0x0076	0x6E00      	MOVWF       R0 
0x0078	0xFFE1C021  	MOVFF       _SPI_Rd_Ptr+2, FSR1L
0x007C	0xFFE2C022  	MOVFF       _SPI_Rd_Ptr+3, FSR1H
0x0080	0xFFE6C000  	MOVFF       R0, POSTINC1
0x0084	0xF000C01F  	MOVFF       _SPI_Rd_Ptr, R0
0x0088	0xF001C020  	MOVFF       _SPI_Rd_Ptr+1, R1
0x008C	0xDFD9      	RCALL       _____DoIFC
;__Lib_EthEnc28j60.c,2841 :: 		
0x008E	0xFFE1C021  	MOVFF       _SPI_Rd_Ptr+2, FSR1L
0x0092	0xFFE2C022  	MOVFF       _SPI_Rd_Ptr+3, FSR1H
0x0096	0xFFE6C072  	MOVFF       FARG_SPI_Ethernet_setBitReg_mask, POSTINC1
0x009A	0xF000C01F  	MOVFF       _SPI_Rd_Ptr, R0
0x009E	0xF001C020  	MOVFF       _SPI_Rd_Ptr+1, R1
0x00A2	0xDFCE      	RCALL       _____DoIFC
;__Lib_EthEnc28j60.c,2842 :: 		
0x00A4	0x8282      	BSF         SPI_Ethernet_CS, BitPos(SPI_Ethernet_CS+0) 
;__Lib_EthEnc28j60.c,2843 :: 		
L_end_SPI_Ethernet_setBitReg:
0x00A6	0x0012      	RETURN      0
; end of _SPI_Ethernet_setBitReg
_SPI_Ethernet_clearBitReg:
;__Lib_EthEnc28j60.c,2856 :: 		
;__Lib_EthEnc28j60.c,2858 :: 		
0x00A8	0x9282      	BCF         SPI_Ethernet_CS, BitPos(SPI_Ethernet_CS+0) 
;__Lib_EthEnc28j60.c,2859 :: 		
0x00AA	0x0EA0      	MOVLW       160
0x00AC	0x0100      	MOVLB       0
0x00AE	0x1171      	IORWF       FARG_SPI_Ethernet_clearBitReg_addr, 0, 1
0x00B0	0x6E00      	MOVWF       R0 
0x00B2	0xFFE1C021  	MOVFF       _SPI_Rd_Ptr+2, FSR1L
0x00B6	0xFFE2C022  	MOVFF       _SPI_Rd_Ptr+3, FSR1H
0x00BA	0xFFE6C000  	MOVFF       R0, POSTINC1
0x00BE	0xF000C01F  	MOVFF       _SPI_Rd_Ptr, R0
0x00C2	0xF001C020  	MOVFF       _SPI_Rd_Ptr+1, R1
0x00C6	0xDFBC      	RCALL       _____DoIFC
;__Lib_EthEnc28j60.c,2860 :: 		
0x00C8	0xFFE1C021  	MOVFF       _SPI_Rd_Ptr+2, FSR1L
0x00CC	0xFFE2C022  	MOVFF       _SPI_Rd_Ptr+3, FSR1H
0x00D0	0xFFE6C072  	MOVFF       FARG_SPI_Ethernet_clearBitReg_mask, POSTINC1
0x00D4	0xF000C01F  	MOVFF       _SPI_Rd_Ptr, R0
0x00D8	0xF001C020  	MOVFF       _SPI_Rd_Ptr+1, R1
0x00DC	0xDFB1      	RCALL       _____DoIFC
;__Lib_EthEnc28j60.c,2861 :: 		
0x00DE	0x8282      	BSF         SPI_Ethernet_CS, BitPos(SPI_Ethernet_CS+0) 
;__Lib_EthEnc28j60.c,2862 :: 		
L_end_SPI_Ethernet_clearBitReg:
0x00E0	0x0012      	RETURN      0
; end of _SPI_Ethernet_clearBitReg
_SPI_Ethernet_readReg:
;__Lib_EthEnc28j60.c,2796 :: 		
;__Lib_EthEnc28j60.c,2800 :: 		
0x00E2	0x9282      	BCF         SPI_Ethernet_CS, BitPos(SPI_Ethernet_CS+0) 
;__Lib_EthEnc28j60.c,2801 :: 		
0x00E4	0xFFE1C021  	MOVFF       _SPI_Rd_Ptr+2, FSR1L
0x00E8	0xFFE2C022  	MOVFF       _SPI_Rd_Ptr+3, FSR1H
0x00EC	0xFFE6C071  	MOVFF       FARG_SPI_Ethernet_readReg_addr, POSTINC1
0x00F0	0xF000C01F  	MOVFF       _SPI_Rd_Ptr, R0
0x00F4	0xF001C020  	MOVFF       _SPI_Rd_Ptr+1, R1
0x00F8	0xDFA3      	RCALL       _____DoIFC
;__Lib_EthEnc28j60.c,2802 :: 		
0x00FA	0xFFE1C021  	MOVFF       _SPI_Rd_Ptr+2, FSR1L
0x00FE	0xFFE2C022  	MOVFF       _SPI_Rd_Ptr+3, FSR1H
0x0102	0x6AE6      	CLRF        POSTINC1 
0x0104	0xF000C01F  	MOVFF       _SPI_Rd_Ptr, R0
0x0108	0xF001C020  	MOVFF       _SPI_Rd_Ptr+1, R1
0x010C	0xDF99      	RCALL       _____DoIFC
;__Lib_EthEnc28j60.c,2803 :: 		
0x010E	0x8282      	BSF         SPI_Ethernet_CS, BitPos(SPI_Ethernet_CS+0) 
;__Lib_EthEnc28j60.c,2804 :: 		
;__Lib_EthEnc28j60.c,2805 :: 		
L_end_SPI_Ethernet_readReg:
0x0110	0x0012      	RETURN      0
; end of _SPI_Ethernet_readReg
_SPI_Ethernet_delay:
;__Lib_EthEnc28j60.c,2955 :: 		
;__Lib_EthEnc28j60.c,2959 :: 		
0x0112	0x0100      	MOVLB       0
0x0114	0x6B71      	CLRF        SPI_Ethernet_delay_i_L0, 1
L_SPI_Ethernet_delay267:
0x0116	0x0EC8      	MOVLW       200
0x0118	0x5D71      	SUBWF       SPI_Ethernet_delay_i_L0, 0, 1
0x011A	0xE204      	BC          L_SPI_Ethernet_delay268
;__Lib_EthEnc28j60.c,2961 :: 		
0x011C	0xDF9D      	RCALL       _Delay_500us
;__Lib_EthEnc28j60.c,2962 :: 		
0x011E	0xDF9C      	RCALL       _Delay_500us
;__Lib_EthEnc28j60.c,2959 :: 		
0x0120	0x2B71      	INCF        SPI_Ethernet_delay_i_L0, 1, 1
;__Lib_EthEnc28j60.c,2963 :: 		
0x0122	0xD7F9      	BRA         L_SPI_Ethernet_delay267
L_SPI_Ethernet_delay268:
;__Lib_EthEnc28j60.c,2964 :: 		
L_end_SPI_Ethernet_delay:
0x0124	0x0012      	RETURN      0
; end of _SPI_Ethernet_delay
_SPI_Ethernet_writeReg:
;__Lib_EthEnc28j60.c,2818 :: 		
;__Lib_EthEnc28j60.c,2820 :: 		
0x0126	0x9282      	BCF         SPI_Ethernet_CS, BitPos(SPI_Ethernet_CS+0) 
;__Lib_EthEnc28j60.c,2821 :: 		
0x0128	0x0E40      	MOVLW       64
0x012A	0x0100      	MOVLB       0
0x012C	0x1171      	IORWF       FARG_SPI_Ethernet_writeReg_addr, 0, 1
0x012E	0x6E00      	MOVWF       R0 
0x0130	0xFFE1C021  	MOVFF       _SPI_Rd_Ptr+2, FSR1L
0x0134	0xFFE2C022  	MOVFF       _SPI_Rd_Ptr+3, FSR1H
0x0138	0xFFE6C000  	MOVFF       R0, POSTINC1
0x013C	0xF000C01F  	MOVFF       _SPI_Rd_Ptr, R0
0x0140	0xF001C020  	MOVFF       _SPI_Rd_Ptr+1, R1
0x0144	0xDF7D      	RCALL       _____DoIFC
;__Lib_EthEnc28j60.c,2822 :: 		
0x0146	0xFFE1C021  	MOVFF       _SPI_Rd_Ptr+2, FSR1L
0x014A	0xFFE2C022  	MOVFF       _SPI_Rd_Ptr+3, FSR1H
0x014E	0xFFE6C072  	MOVFF       FARG_SPI_Ethernet_writeReg_v, POSTINC1
0x0152	0xF000C01F  	MOVFF       _SPI_Rd_Ptr, R0
0x0156	0xF001C020  	MOVFF       _SPI_Rd_Ptr+1, R1
0x015A	0xDF72      	RCALL       _____DoIFC
;__Lib_EthEnc28j60.c,2823 :: 		
0x015C	0x8282      	BSF         SPI_Ethernet_CS, BitPos(SPI_Ethernet_CS+0) 
;__Lib_EthEnc28j60.c,2824 :: 		
L_end_SPI_Ethernet_writeReg:
0x015E	0x0012      	RETURN      0
; end of _SPI_Ethernet_writeReg
_SPI_Ethernet_writePHY:
;__Lib_EthEnc28j60.c,2914 :: 		
;__Lib_EthEnc28j60.c,2916 :: 		
0x0160	0x0E1F      	MOVLW       31
0x0162	0x0100      	MOVLB       0
0x0164	0x6F71      	MOVWF       FARG_SPI_Ethernet_clearBitReg_addr, 1
0x0166	0x0E01      	MOVLW       1
0x0168	0x6F72      	MOVWF       FARG_SPI_Ethernet_clearBitReg_mask, 1
0x016A	0xDF9E      	RCALL       _SPI_Ethernet_clearBitReg
0x016C	0x0E1F      	MOVLW       31
0x016E	0x0100      	MOVLB       0
0x0170	0x6F71      	MOVWF       FARG_SPI_Ethernet_setBitReg_addr, 1
0x0172	0x0E02      	MOVLW       2
0x0174	0x6F72      	MOVWF       FARG_SPI_Ethernet_setBitReg_mask, 1
0x0176	0xDF7B      	RCALL       _SPI_Ethernet_setBitReg
;__Lib_EthEnc28j60.c,2917 :: 		
0x0178	0x0E14      	MOVLW       20
0x017A	0x0100      	MOVLB       0
0x017C	0x6F71      	MOVWF       FARG_SPI_Ethernet_writeReg_addr, 1
0x017E	0xF072C06C  	MOVFF       FARG_SPI_Ethernet_writePHY_reg, FARG_SPI_Ethernet_writeReg_v
0x0182	0xDFD1      	RCALL       _SPI_Ethernet_writeReg
;__Lib_EthEnc28j60.c,2918 :: 		
0x0184	0xDFC6      	RCALL       _SPI_Ethernet_delay
;__Lib_EthEnc28j60.c,2919 :: 		
0x0186	0x0E16      	MOVLW       22
0x0188	0x6F71      	MOVWF       FARG_SPI_Ethernet_writeReg_addr, 1
0x018A	0xF072C06E  	MOVFF       FARG_SPI_Ethernet_writePHY_l, FARG_SPI_Ethernet_writeReg_v
0x018E	0xDFCB      	RCALL       _SPI_Ethernet_writeReg
;__Lib_EthEnc28j60.c,2920 :: 		
0x0190	0xDFC0      	RCALL       _SPI_Ethernet_delay
;__Lib_EthEnc28j60.c,2921 :: 		
0x0192	0x0E17      	MOVLW       23
0x0194	0x6F71      	MOVWF       FARG_SPI_Ethernet_writeReg_addr, 1
0x0196	0xF072C06D  	MOVFF       FARG_SPI_Ethernet_writePHY_h, FARG_SPI_Ethernet_writeReg_v
0x019A	0xDFC5      	RCALL       _SPI_Ethernet_writeReg
;__Lib_EthEnc28j60.c,2922 :: 		
0x019C	0xDFBA      	RCALL       _SPI_Ethernet_delay
;__Lib_EthEnc28j60.c,2923 :: 		
L_end_SPI_Ethernet_writePHY:
0x019E	0x0012      	RETURN      0
; end of _SPI_Ethernet_writePHY
_SPI_Ethernet_writeAddr:
;__Lib_EthEnc28j60.c,2875 :: 		
;__Lib_EthEnc28j60.c,2877 :: 		
0x01A0	0x9282      	BCF         SPI_Ethernet_CS, BitPos(SPI_Ethernet_CS+0) 
;__Lib_EthEnc28j60.c,2878 :: 		
0x01A2	0x0E40      	MOVLW       64
0x01A4	0x0100      	MOVLB       0
0x01A6	0x116C      	IORWF       FARG_SPI_Ethernet_writeAddr_addr, 0, 1
0x01A8	0x6E00      	MOVWF       R0 
0x01AA	0xFFE1C021  	MOVFF       _SPI_Rd_Ptr+2, FSR1L
0x01AE	0xFFE2C022  	MOVFF       _SPI_Rd_Ptr+3, FSR1H
0x01B2	0xFFE6C000  	MOVFF       R0, POSTINC1
0x01B6	0xF000C01F  	MOVFF       _SPI_Rd_Ptr, R0
0x01BA	0xF001C020  	MOVFF       _SPI_Rd_Ptr+1, R1
0x01BE	0xDF40      	RCALL       _____DoIFC
;__Lib_EthEnc28j60.c,2879 :: 		
0x01C0	0xFFE1C021  	MOVFF       _SPI_Rd_Ptr+2, FSR1L
0x01C4	0xFFE2C022  	MOVFF       _SPI_Rd_Ptr+3, FSR1H
0x01C8	0xFFE6C06D  	MOVFF       FARG_SPI_Ethernet_writeAddr_v, POSTINC1
0x01CC	0xF000C01F  	MOVFF       _SPI_Rd_Ptr, R0
0x01D0	0xF001C020  	MOVFF       _SPI_Rd_Ptr+1, R1
0x01D4	0xDF35      	RCALL       _____DoIFC
;__Lib_EthEnc28j60.c,2880 :: 		
0x01D6	0xFFE1C021  	MOVFF       _SPI_Rd_Ptr+2, FSR1L
0x01DA	0xFFE2C022  	MOVFF       _SPI_Rd_Ptr+3, FSR1H
0x01DE	0xFFE6C06E  	MOVFF       FARG_SPI_Ethernet_writeAddr_v+1, POSTINC1
0x01E2	0xF000C01F  	MOVFF       _SPI_Rd_Ptr, R0
0x01E6	0xF001C020  	MOVFF       _SPI_Rd_Ptr+1, R1
0x01EA	0xDF2A      	RCALL       _____DoIFC
;__Lib_EthEnc28j60.c,2881 :: 		
0x01EC	0x8282      	BSF         SPI_Ethernet_CS, BitPos(SPI_Ethernet_CS+0) 
;__Lib_EthEnc28j60.c,2882 :: 		
L_end_SPI_Ethernet_writeAddr:
0x01EE	0x0012      	RETURN      0
; end of _SPI_Ethernet_writeAddr
_SPI_Ethernet_readPHY:
;__Lib_EthEnc28j60.c,2936 :: 		
;__Lib_EthEnc28j60.c,2938 :: 		
0x01F0	0x0E1F      	MOVLW       31
0x01F2	0x0100      	MOVLB       0
0x01F4	0x6F71      	MOVWF       FARG_SPI_Ethernet_clearBitReg_addr, 1
0x01F6	0x0E01      	MOVLW       1
0x01F8	0x6F72      	MOVWF       FARG_SPI_Ethernet_clearBitReg_mask, 1
0x01FA	0xDF56      	RCALL       _SPI_Ethernet_clearBitReg
0x01FC	0x0E1F      	MOVLW       31
0x01FE	0x0100      	MOVLB       0
0x0200	0x6F71      	MOVWF       FARG_SPI_Ethernet_setBitReg_addr, 1
0x0202	0x0E02      	MOVLW       2
0x0204	0x6F72      	MOVWF       FARG_SPI_Ethernet_setBitReg_mask, 1
0x0206	0xDF33      	RCALL       _SPI_Ethernet_setBitReg
;__Lib_EthEnc28j60.c,2939 :: 		
0x0208	0x0E14      	MOVLW       20
0x020A	0x0100      	MOVLB       0
0x020C	0x6F71      	MOVWF       FARG_SPI_Ethernet_writeReg_addr, 1
0x020E	0xF072C06C  	MOVFF       FARG_SPI_Ethernet_readPHY_reg, FARG_SPI_Ethernet_writeReg_v
0x0212	0xDF89      	RCALL       _SPI_Ethernet_writeReg
;__Lib_EthEnc28j60.c,2940 :: 		
0x0214	0x0E12      	MOVLW       18
0x0216	0x0100      	MOVLB       0
0x0218	0x6F71      	MOVWF       FARG_SPI_Ethernet_setBitReg_addr, 1
0x021A	0x0E01      	MOVLW       1
0x021C	0x6F72      	MOVWF       FARG_SPI_Ethernet_setBitReg_mask, 1
0x021E	0xDF27      	RCALL       _SPI_Ethernet_setBitReg
;__Lib_EthEnc28j60.c,2941 :: 		
0x0220	0xDF78      	RCALL       _SPI_Ethernet_delay
;__Lib_EthEnc28j60.c,2942 :: 		
0x0222	0x0E12      	MOVLW       18
0x0224	0x6F71      	MOVWF       FARG_SPI_Ethernet_clearBitReg_addr, 1
0x0226	0x0E01      	MOVLW       1
0x0228	0x6F72      	MOVWF       FARG_SPI_Ethernet_clearBitReg_mask, 1
0x022A	0xDF3E      	RCALL       _SPI_Ethernet_clearBitReg
;__Lib_EthEnc28j60.c,2943 :: 		
0x022C	0x0E18      	MOVLW       24
0x022E	0x0100      	MOVLB       0
0x0230	0x6F71      	MOVWF       FARG_SPI_Ethernet_readReg_addr, 1
0x0232	0xDF57      	RCALL       _SPI_Ethernet_readReg
0x0234	0xFFE1C06F  	MOVFF       FARG_SPI_Ethernet_readPHY_l, FSR1L
0x0238	0xFFE2C070  	MOVFF       FARG_SPI_Ethernet_readPHY_l+1, FSR1H
0x023C	0xFFE6C000  	MOVFF       R0, POSTINC1
;__Lib_EthEnc28j60.c,2944 :: 		
0x0240	0x0E19      	MOVLW       25
0x0242	0x0100      	MOVLB       0
0x0244	0x6F71      	MOVWF       FARG_SPI_Ethernet_readReg_addr, 1
0x0246	0xDF4D      	RCALL       _SPI_Ethernet_readReg
0x0248	0xFFE1C06D  	MOVFF       FARG_SPI_Ethernet_readPHY_h, FSR1L
0x024C	0xFFE2C06E  	MOVFF       FARG_SPI_Ethernet_readPHY_h+1, FSR1H
0x0250	0xFFE6C000  	MOVFF       R0, POSTINC1
;__Lib_EthEnc28j60.c,2945 :: 		
L_end_SPI_Ethernet_readPHY:
0x0254	0x0012      	RETURN      0
; end of _SPI_Ethernet_readPHY
_memset:
;__Lib_CString.c,84 :: 		
;__Lib_CString.c,87 :: 		
0x0256	0xF002C06C  	MOVFF       FARG_memset_p1, R2
0x025A	0xF003C06D  	MOVFF       FARG_memset_p1+1, R3
;__Lib_CString.c,88 :: 		
L_memset20:
0x025E	0xF000C06F  	MOVFF       FARG_memset_n, R0
0x0262	0xF001C070  	MOVFF       FARG_memset_n+1, R1
0x0266	0x0E01      	MOVLW       1
0x0268	0x0100      	MOVLB       0
0x026A	0x5F6F      	SUBWF       FARG_memset_n, 1, 1
0x026C	0x0E00      	MOVLW       0
0x026E	0x5B70      	SUBWFB      FARG_memset_n+1, 1, 1
0x0270	0x5000      	MOVF        R0, 0 
0x0272	0x1001      	IORWF       R1, 0 
0x0274	0xE009      	BZ          L_memset21
;__Lib_CString.c,89 :: 		
0x0276	0xFFE1C002  	MOVFF       R2, FSR1L
0x027A	0xFFE2C003  	MOVFF       R3, FSR1H
0x027E	0xFFE6C06E  	MOVFF       FARG_memset_character, POSTINC1
0x0282	0x4A02      	INFSNZ      R2, 1 
0x0284	0x2A03      	INCF        R3, 1 
0x0286	0xD7EB      	BRA         L_memset20
L_memset21:
;__Lib_CString.c,90 :: 		
0x0288	0xF000C06C  	MOVFF       FARG_memset_p1, R0
0x028C	0xF001C06D  	MOVFF       FARG_memset_p1+1, R1
;__Lib_CString.c,91 :: 		
L_end_memset:
0x0290	0x0012      	RETURN      0
; end of _memset
_memcpy:
;__Lib_CString.c,44 :: 		
;__Lib_CString.c,48 :: 		
0x0292	0xF004C068  	MOVFF       FARG_memcpy_s1, R4
0x0296	0xF005C069  	MOVFF       FARG_memcpy_s1+1, R5
;__Lib_CString.c,49 :: 		
0x029A	0xF002C066  	MOVFF       FARG_memcpy_d1, R2
0x029E	0xF003C067  	MOVFF       FARG_memcpy_d1+1, R3
;__Lib_CString.c,50 :: 		
L_memcpy7:
0x02A2	0xF000C06A  	MOVFF       FARG_memcpy_n, R0
0x02A6	0xF001C06B  	MOVFF       FARG_memcpy_n+1, R1
0x02AA	0x0E01      	MOVLW       1
0x02AC	0x0100      	MOVLB       0
0x02AE	0x5F6A      	SUBWF       FARG_memcpy_n, 1, 1
0x02B0	0x0E00      	MOVLW       0
0x02B2	0x5B6B      	SUBWFB      FARG_memcpy_n+1, 1, 1
0x02B4	0x5000      	MOVF        R0, 0 
0x02B6	0x1001      	IORWF       R1, 0 
0x02B8	0xE00F      	BZ          L_memcpy8
;__Lib_CString.c,51 :: 		
0x02BA	0xFFE9C004  	MOVFF       R4, FSR0L
0x02BE	0xFFEAC005  	MOVFF       R5, FSR0H
0x02C2	0xFFE1C002  	MOVFF       R2, FSR1L
0x02C6	0xFFE2C003  	MOVFF       R3, FSR1H
0x02CA	0xFFE6CFEE  	MOVFF       POSTINC0, POSTINC1
0x02CE	0x4A02      	INFSNZ      R2, 1 
0x02D0	0x2A03      	INCF        R3, 1 
0x02D2	0x4A04      	INFSNZ      R4, 1 
0x02D4	0x2A05      	INCF        R5, 1 
0x02D6	0xD7E5      	BRA         L_memcpy7
L_memcpy8:
;__Lib_CString.c,53 :: 		
0x02D8	0xF000C066  	MOVFF       FARG_memcpy_d1, R0
0x02DC	0xF001C067  	MOVFF       FARG_memcpy_d1+1, R1
;__Lib_CString.c,54 :: 		
L_end_memcpy:
0x02E0	0x0012      	RETURN      0
; end of _memcpy
_SPI_Ethernet_Init2:
;__Lib_EthEnc28j60.c,330 :: 		
;__Lib_EthEnc28j60.c,339 :: 		
0x02E2	0x0100      	MOVLB       0
0x02E4	0x6B71      	CLRF        FARG_SPI_Ethernet_writeReg_addr, 1
0x02E6	0x525F      	MOVF        FARG_SPI_Ethernet_Init2_fullDuplex, 1 
0x02E8	0xE003      	BZ          L_SPI_Ethernet_Init23
0x02EA	0x0E0D      	MOVLW       13
0x02EC	0x6F60      	MOVWF       ?FLOC___SPI_Ethernet_Init2T19, 1
0x02EE	0xD002      	BRA         L_SPI_Ethernet_Init24
L_SPI_Ethernet_Init23:
0x02F0	0x0E05      	MOVLW       5
0x02F2	0x6F60      	MOVWF       ?FLOC___SPI_Ethernet_Init2T19, 1
L_SPI_Ethernet_Init24:
0x02F4	0xF072C060  	MOVFF       ?FLOC___SPI_Ethernet_Init2T19, FARG_SPI_Ethernet_writeReg_v
0x02F8	0xDF16      	RCALL       _SPI_Ethernet_writeReg
;__Lib_EthEnc28j60.c,346 :: 		
0x02FA	0x0E02      	MOVLW       2
0x02FC	0x0100      	MOVLB       0
0x02FE	0x6F71      	MOVWF       FARG_SPI_Ethernet_writeReg_addr, 1
0x0300	0x525F      	MOVF        FARG_SPI_Ethernet_Init2_fullDuplex, 1 
0x0302	0xE003      	BZ          L_SPI_Ethernet_Init25
0x0304	0x0E31      	MOVLW       49
0x0306	0x6F66      	MOVWF       ?FLOC___SPI_Ethernet_Init2T20, 1
0x0308	0xD002      	BRA         L_SPI_Ethernet_Init26
L_SPI_Ethernet_Init25:
0x030A	0x0E30      	MOVLW       48
0x030C	0x6F66      	MOVWF       ?FLOC___SPI_Ethernet_Init2T20, 1
L_SPI_Ethernet_Init26:
0x030E	0xF072C066  	MOVFF       ?FLOC___SPI_Ethernet_Init2T20, FARG_SPI_Ethernet_writeReg_v
0x0312	0xDF09      	RCALL       _SPI_Ethernet_writeReg
;__Lib_EthEnc28j60.c,355 :: 		
0x0314	0x0E0A      	MOVLW       10
0x0316	0x0100      	MOVLB       0
0x0318	0x6F6C      	MOVWF       FARG_SPI_Ethernet_writeAddr_addr, 1
0x031A	0x0EEE      	MOVLW       238
0x031C	0x6F6D      	MOVWF       FARG_SPI_Ethernet_writeAddr_v, 1
0x031E	0x0E05      	MOVLW       5
0x0320	0x6F6E      	MOVWF       FARG_SPI_Ethernet_writeAddr_v+1, 1
0x0322	0xDF3E      	RCALL       _SPI_Ethernet_writeAddr
;__Lib_EthEnc28j60.c,360 :: 		
0x0324	0x0E04      	MOVLW       4
0x0326	0x0100      	MOVLB       0
0x0328	0x6F71      	MOVWF       FARG_SPI_Ethernet_writeReg_addr, 1
0x032A	0x525F      	MOVF        FARG_SPI_Ethernet_Init2_fullDuplex, 1 
0x032C	0xE003      	BZ          L_SPI_Ethernet_Init27
0x032E	0x0E15      	MOVLW       21
0x0330	0x6F67      	MOVWF       ?FLOC___SPI_Ethernet_Init2T21, 1
0x0332	0xD002      	BRA         L_SPI_Ethernet_Init28
L_SPI_Ethernet_Init27:
0x0334	0x0E12      	MOVLW       18
0x0336	0x6F67      	MOVWF       ?FLOC___SPI_Ethernet_Init2T21, 1
L_SPI_Ethernet_Init28:
0x0338	0xF072C067  	MOVFF       ?FLOC___SPI_Ethernet_Init2T21, FARG_SPI_Ethernet_writeReg_v
0x033C	0xDEF4      	RCALL       _SPI_Ethernet_writeReg
;__Lib_EthEnc28j60.c,365 :: 		
0x033E	0x0E06      	MOVLW       6
0x0340	0x0100      	MOVLB       0
0x0342	0x6F71      	MOVWF       FARG_SPI_Ethernet_writeReg_addr, 1
0x0344	0x0E12      	MOVLW       18
0x0346	0x6F72      	MOVWF       FARG_SPI_Ethernet_writeReg_v, 1
0x0348	0xDEEE      	RCALL       _SPI_Ethernet_writeReg
;__Lib_EthEnc28j60.c,370 :: 		
0x034A	0x525F      	MOVF        FARG_SPI_Ethernet_Init2_fullDuplex, 1 
0x034C	0xE106      	BNZ         L_SPI_Ethernet_Init29
;__Lib_EthEnc28j60.c,371 :: 		
0x034E	0x0E07      	MOVLW       7
0x0350	0x0100      	MOVLB       0
0x0352	0x6F71      	MOVWF       FARG_SPI_Ethernet_writeReg_addr, 1
0x0354	0x0E0C      	MOVLW       12
0x0356	0x6F72      	MOVWF       FARG_SPI_Ethernet_writeReg_v, 1
0x0358	0xDEE6      	RCALL       _SPI_Ethernet_writeReg
L_SPI_Ethernet_Init29:
;__Lib_EthEnc28j60.c,386 :: 		
0x035A	0x525F      	MOVF        FARG_SPI_Ethernet_Init2_fullDuplex, 1 
0x035C	0xE106      	BNZ         L_SPI_Ethernet_Init210
;__Lib_EthEnc28j60.c,387 :: 		
0x035E	0x0E09      	MOVLW       9
0x0360	0x0100      	MOVLB       0
0x0362	0x6F71      	MOVWF       FARG_SPI_Ethernet_writeReg_addr, 1
0x0364	0x0E3F      	MOVLW       63
0x0366	0x6F72      	MOVWF       FARG_SPI_Ethernet_writeReg_v, 1
0x0368	0xDEDE      	RCALL       _SPI_Ethernet_writeReg
L_SPI_Ethernet_Init210:
;__Lib_EthEnc28j60.c,392 :: 		
0x036A	0x0E1F      	MOVLW       31
0x036C	0x0100      	MOVLB       0
0x036E	0x6F71      	MOVWF       FARG_SPI_Ethernet_setBitReg_addr, 1
0x0370	0x0E01      	MOVLW       1
0x0372	0x6F72      	MOVWF       FARG_SPI_Ethernet_setBitReg_mask, 1
0x0374	0xDE7C      	RCALL       _SPI_Ethernet_setBitReg
0x0376	0x0E1F      	MOVLW       31
0x0378	0x0100      	MOVLB       0
0x037A	0x6F71      	MOVWF       FARG_SPI_Ethernet_setBitReg_addr, 1
0x037C	0x0E02      	MOVLW       2
0x037E	0x6F72      	MOVWF       FARG_SPI_Ethernet_setBitReg_mask, 1
0x0380	0xDE76      	RCALL       _SPI_Ethernet_setBitReg
;__Lib_EthEnc28j60.c,395 :: 		
0x0382	0x0E04      	MOVLW       4
0x0384	0x0100      	MOVLB       0
0x0386	0x6F71      	MOVWF       FARG_SPI_Ethernet_writeReg_addr, 1
0x0388	0xF072C023  	MOVFF       _SPI_Ethernet_macAddr, FARG_SPI_Ethernet_writeReg_v
0x038C	0xDECC      	RCALL       _SPI_Ethernet_writeReg
;__Lib_EthEnc28j60.c,396 :: 		
0x038E	0x0E05      	MOVLW       5
0x0390	0x0100      	MOVLB       0
0x0392	0x6F71      	MOVWF       FARG_SPI_Ethernet_writeReg_addr, 1
0x0394	0xF072C024  	MOVFF       _SPI_Ethernet_macAddr+1, FARG_SPI_Ethernet_writeReg_v
0x0398	0xDEC6      	RCALL       _SPI_Ethernet_writeReg
;__Lib_EthEnc28j60.c,397 :: 		
0x039A	0x0E02      	MOVLW       2
0x039C	0x0100      	MOVLB       0
0x039E	0x6F71      	MOVWF       FARG_SPI_Ethernet_writeReg_addr, 1
0x03A0	0xF072C025  	MOVFF       _SPI_Ethernet_macAddr+2, FARG_SPI_Ethernet_writeReg_v
0x03A4	0xDEC0      	RCALL       _SPI_Ethernet_writeReg
;__Lib_EthEnc28j60.c,398 :: 		
0x03A6	0x0E03      	MOVLW       3
0x03A8	0x0100      	MOVLB       0
0x03AA	0x6F71      	MOVWF       FARG_SPI_Ethernet_writeReg_addr, 1
0x03AC	0xF072C026  	MOVFF       _SPI_Ethernet_macAddr+3, FARG_SPI_Ethernet_writeReg_v
0x03B0	0xDEBA      	RCALL       _SPI_Ethernet_writeReg
;__Lib_EthEnc28j60.c,399 :: 		
0x03B2	0x0100      	MOVLB       0
0x03B4	0x6B71      	CLRF        FARG_SPI_Ethernet_writeReg_addr, 1
0x03B6	0xF072C027  	MOVFF       _SPI_Ethernet_macAddr+4, FARG_SPI_Ethernet_writeReg_v
0x03BA	0xDEB5      	RCALL       _SPI_Ethernet_writeReg
;__Lib_EthEnc28j60.c,400 :: 		
0x03BC	0x0E01      	MOVLW       1
0x03BE	0x0100      	MOVLB       0
0x03C0	0x6F71      	MOVWF       FARG_SPI_Ethernet_writeReg_addr, 1
0x03C2	0xF072C028  	MOVFF       _SPI_Ethernet_macAddr+5, FARG_SPI_Ethernet_writeReg_v
0x03C6	0xDEAF      	RCALL       _SPI_Ethernet_writeReg
;__Lib_EthEnc28j60.c,406 :: 		
0x03C8	0x0E15      	MOVLW       21
0x03CA	0x0100      	MOVLB       0
0x03CC	0x6F71      	MOVWF       FARG_SPI_Ethernet_writeReg_addr, 1
0x03CE	0x6B72      	CLRF        FARG_SPI_Ethernet_writeReg_v, 1
0x03D0	0xDEAA      	RCALL       _SPI_Ethernet_writeReg
;__Lib_EthEnc28j60.c,414 :: 		
0x03D2	0x0E12      	MOVLW       18
0x03D4	0x0100      	MOVLB       0
0x03D6	0x6F71      	MOVWF       FARG_SPI_Ethernet_readReg_addr, 1
0x03D8	0xDE84      	RCALL       _SPI_Ethernet_readReg
0x03DA	0xF05EC000  	MOVFF       R0, __Lib_EthEnc28j60_enc_hwRev
;__Lib_EthEnc28j60.c,420 :: 		
0x03DE	0x0100      	MOVLB       0
0x03E0	0x6B6C      	CLRF        FARG_SPI_Ethernet_readPHY_reg, 1
0x03E2	0x0E69      	MOVLW       SPI_Ethernet_Init2_h_L0
0x03E4	0x6F6D      	MOVWF       FARG_SPI_Ethernet_readPHY_h, 1
0x03E6	0x0E00      	MOVLW       hi_addr(SPI_Ethernet_Init2_h_L0)
0x03E8	0x6F6E      	MOVWF       FARG_SPI_Ethernet_readPHY_h+1, 1
0x03EA	0x0E6A      	MOVLW       SPI_Ethernet_Init2_l_L0
0x03EC	0x6F6F      	MOVWF       FARG_SPI_Ethernet_readPHY_l, 1
0x03EE	0x0E00      	MOVLW       hi_addr(SPI_Ethernet_Init2_l_L0)
0x03F0	0x6F70      	MOVWF       FARG_SPI_Ethernet_readPHY_l+1, 1
0x03F2	0xDEFE      	RCALL       _SPI_Ethernet_readPHY
;__Lib_EthEnc28j60.c,421 :: 		
0x03F4	0x0100      	MOVLB       0
0x03F6	0x6B6C      	CLRF        FARG_SPI_Ethernet_writePHY_reg, 1
0x03F8	0x0EFE      	MOVLW       254
0x03FA	0x1569      	ANDWF       SPI_Ethernet_Init2_h_L0, 0, 1
0x03FC	0x6F6D      	MOVWF       FARG_SPI_Ethernet_writePHY_h, 1
0x03FE	0x525F      	MOVF        FARG_SPI_Ethernet_Init2_fullDuplex, 1 
0x0400	0xE003      	BZ          L_SPI_Ethernet_Init211
0x0402	0x0E01      	MOVLW       1
0x0404	0x6F68      	MOVWF       ?FLOC___SPI_Ethernet_Init2T33, 1
0x0406	0xD001      	BRA         L_SPI_Ethernet_Init212
L_SPI_Ethernet_Init211:
0x0408	0x6B68      	CLRF        ?FLOC___SPI_Ethernet_Init2T33, 1
L_SPI_Ethernet_Init212:
0x040A	0x5168      	MOVF        ?FLOC___SPI_Ethernet_Init2T33, 0, 1
0x040C	0x136D      	IORWF       FARG_SPI_Ethernet_writePHY_h, 1, 1
0x040E	0xF06EC06A  	MOVFF       SPI_Ethernet_Init2_l_L0, FARG_SPI_Ethernet_writePHY_l
0x0412	0xDEA6      	RCALL       _SPI_Ethernet_writePHY
;__Lib_EthEnc28j60.c,424 :: 		
0x0414	0x0E10      	MOVLW       16
0x0416	0x6F6C      	MOVWF       FARG_SPI_Ethernet_writePHY_reg, 1
0x0418	0x0E01      	MOVLW       1
0x041A	0x6F6D      	MOVWF       FARG_SPI_Ethernet_writePHY_h, 1
0x041C	0x6B6E      	CLRF        FARG_SPI_Ethernet_writePHY_l, 1
0x041E	0xDEA0      	RCALL       _SPI_Ethernet_writePHY
;__Lib_EthEnc28j60.c,434 :: 		
0x0420	0x0E1F      	MOVLW       31
0x0422	0x6F71      	MOVWF       FARG_SPI_Ethernet_setBitReg_addr, 1
0x0424	0x0E04      	MOVLW       4
0x0426	0x6F72      	MOVWF       FARG_SPI_Ethernet_setBitReg_mask, 1
0x0428	0xDE22      	RCALL       _SPI_Ethernet_setBitReg
;__Lib_EthEnc28j60.c,435 :: 		
0x042A	0xDE73      	RCALL       _SPI_Ethernet_delay
;__Lib_EthEnc28j60.c,439 :: 		
0x042C	0x0E2D      	MOVLW       _SPI_Ethernet_arpCache
0x042E	0x6F6C      	MOVWF       FARG_memset_p1, 1
0x0430	0x0E00      	MOVLW       hi_addr(_SPI_Ethernet_arpCache)
0x0432	0x6F6D      	MOVWF       FARG_memset_p1+1, 1
0x0434	0x6B6E      	CLRF        FARG_memset_character, 1
0x0436	0x0E2D      	MOVLW       45
0x0438	0x6F6F      	MOVWF       FARG_memset_n, 1
0x043A	0x0E00      	MOVLW       0
0x043C	0x6F70      	MOVWF       FARG_memset_n+1, 1
0x043E	0xDF0B      	RCALL       _memset
;__Lib_EthEnc28j60.c,442 :: 		
0x0440	0x0E1F      	MOVLW       31
0x0442	0x6F71      	MOVWF       FARG_SPI_Ethernet_clearBitReg_addr, 1
0x0444	0x0E01      	MOVLW       1
0x0446	0x6F72      	MOVWF       FARG_SPI_Ethernet_clearBitReg_mask, 1
0x0448	0xDE2F      	RCALL       _SPI_Ethernet_clearBitReg
0x044A	0x0E1F      	MOVLW       31
0x044C	0x0100      	MOVLB       0
0x044E	0x6F71      	MOVWF       FARG_SPI_Ethernet_clearBitReg_addr, 1
0x0450	0x0E02      	MOVLW       2
0x0452	0x6F72      	MOVWF       FARG_SPI_Ethernet_clearBitReg_mask, 1
0x0454	0xDE29      	RCALL       _SPI_Ethernet_clearBitReg
;__Lib_EthEnc28j60.c,443 :: 		
L_end_SPI_Ethernet_Init2:
0x0456	0x0012      	RETURN      0
; end of _SPI_Ethernet_Init2
___CC2DW:
;__Lib_System.c,21 :: 		
;__Lib_System.c,23 :: 		
_CC2DL_Loop1:
;__Lib_System.c,24 :: 		
0x0458	0x0009      	TBLRD*+
;__Lib_System.c,25 :: 		
0x045A	0xFFE6CFF5  	MOVFF       TABLAT, POSTINC1
;__Lib_System.c,26 :: 		
0x045E	0x0600      	DECF        R0, 1, 0
;__Lib_System.c,27 :: 		
0x0460	0xE1FB      	BNZ         _CC2DL_Loop1
;__Lib_System.c,28 :: 		
0x0462	0x0601      	DECF        R1, 1, 0
;__Lib_System.c,29 :: 		
0x0464	0xE1F9      	BNZ         _CC2DL_Loop1
;__Lib_System.c,31 :: 		
L_end___CC2DW:
0x0466	0x0012      	RETURN      0
; end of ___CC2DW
_SPI1_Init:
;__Lib_SPI_c345d014.c,25 :: 		
;__Lib_SPI_c345d014.c,26 :: 		
0x0468	0x9AC6      	BCF         SSP1CON1, 5 
;__Lib_SPI_c345d014.c,27 :: 		
0x046A	0x0E2E      	MOVLW       _SPI1_Read
0x046C	0x6E1F      	MOVWF       _SPI_Rd_Ptr 
0x046E	0x0E00      	MOVLW       hi_addr(_SPI1_Read)
0x0470	0x6E20      	MOVWF       _SPI_Rd_Ptr+1 
0x0472	0x0E73      	MOVLW       FARG_SPI1_Read_buffer
0x0474	0x6E21      	MOVWF       _SPI_Rd_Ptr+2 
0x0476	0x0E00      	MOVLW       hi_addr(FARG_SPI1_Read_buffer)
0x0478	0x6E22      	MOVWF       _SPI_Rd_Ptr+3 
;__Lib_SPI_c345d014.c,28 :: 		
0x047A	0x0EFF      	MOVLW       _SPI1_Write
0x047C	0x6E29      	MOVWF       _SPI_Wr_Ptr 
0x047E	0x0EFF      	MOVLW       hi_addr(_SPI1_Write)
0x0480	0x6E2A      	MOVWF       _SPI_Wr_Ptr+1 
0x0482	0x0EFF      	MOVLW       FARG_SPI1_Write_data_
0x0484	0x6E2B      	MOVWF       _SPI_Wr_Ptr+2 
0x0486	0x0EFF      	MOVLW       hi_addr(FARG_SPI1_Write_data_)
0x0488	0x6E2C      	MOVWF       _SPI_Wr_Ptr+3 
;__Lib_SPI_c345d014.c,30 :: 		
0x048A	0x9A94      	BCF         TRISC5_bit, BitPos(TRISC5_bit+0) 
;__Lib_SPI_c345d014.c,31 :: 		
0x048C	0x9694      	BCF         TRISC3_bit, BitPos(TRISC3_bit+0) 
;__Lib_SPI_c345d014.c,32 :: 		
0x048E	0x8894      	BSF         TRISC4_bit, BitPos(TRISC4_bit+0) 
;__Lib_SPI_c345d014.c,34 :: 		
0x0490	0x6AC6      	CLRF        SSP1CON1 
;__Lib_SPI_c345d014.c,35 :: 		
0x0492	0x0E40      	MOVLW       64
0x0494	0x6EC7      	MOVWF       SSP1STAT 
;__Lib_SPI_c345d014.c,36 :: 		
0x0496	0x8AC6      	BSF         SSP1CON1, 5 
;__Lib_SPI_c345d014.c,38 :: 		
L_end_SPI1_Init:
0x0498	0x0012      	RETURN      0
; end of _SPI1_Init
_SPI_Ethernet_Init:
;__Lib_EthEnc28j60.c,271 :: 		
;__Lib_EthEnc28j60.c,274 :: 		
0x049A	0x9094      	BCF         SPI_Ethernet_Rst_Direction, BitPos(SPI_Ethernet_Rst_Direction+0) 
;__Lib_EthEnc28j60.c,275 :: 		
0x049C	0x8082      	BSF         SPI_Ethernet_Rst, BitPos(SPI_Ethernet_Rst+0) 
;__Lib_EthEnc28j60.c,277 :: 		
0x049E	0x9294      	BCF         SPI_Ethernet_CS_Direction, BitPos(SPI_Ethernet_CS_Direction+0) 
;__Lib_EthEnc28j60.c,278 :: 		
0x04A0	0x8282      	BSF         SPI_Ethernet_CS, BitPos(SPI_Ethernet_CS+0) 
;__Lib_EthEnc28j60.c,280 :: 		
0x04A2	0xDE37      	RCALL       _SPI_Ethernet_delay
;__Lib_EthEnc28j60.c,282 :: 		
0x04A4	0x8082      	BSF         SPI_Ethernet_Rst, BitPos(SPI_Ethernet_Rst+0) 
;__Lib_EthEnc28j60.c,283 :: 		
0x04A6	0xDE35      	RCALL       _SPI_Ethernet_delay
;__Lib_EthEnc28j60.c,284 :: 		
0x04A8	0x9082      	BCF         SPI_Ethernet_Rst, BitPos(SPI_Ethernet_Rst+0) 
;__Lib_EthEnc28j60.c,285 :: 		
0x04AA	0xDE33      	RCALL       _SPI_Ethernet_delay
;__Lib_EthEnc28j60.c,286 :: 		
0x04AC	0x8082      	BSF         SPI_Ethernet_Rst, BitPos(SPI_Ethernet_Rst+0) 
;__Lib_EthEnc28j60.c,287 :: 		
0x04AE	0xDE31      	RCALL       _SPI_Ethernet_delay
;__Lib_EthEnc28j60.c,289 :: 		
0x04B0	0x9282      	BCF         SPI_Ethernet_CS, BitPos(SPI_Ethernet_CS+0) 
;__Lib_EthEnc28j60.c,290 :: 		
0x04B2	0xFFE1C021  	MOVFF       _SPI_Rd_Ptr+2, FSR1L
0x04B6	0xFFE2C022  	MOVFF       _SPI_Rd_Ptr+3, FSR1H
0x04BA	0x0EFF      	MOVLW       255
0x04BC	0x6EE6      	MOVWF       POSTINC1 
0x04BE	0xF000C01F  	MOVFF       _SPI_Rd_Ptr, R0
0x04C2	0xF001C020  	MOVFF       _SPI_Rd_Ptr+1, R1
0x04C6	0xDDBC      	RCALL       _____DoIFC
;__Lib_EthEnc28j60.c,291 :: 		
0x04C8	0x8282      	BSF         SPI_Ethernet_CS, BitPos(SPI_Ethernet_CS+0) 
;__Lib_EthEnc28j60.c,292 :: 		
0x04CA	0xDE23      	RCALL       _SPI_Ethernet_delay
;__Lib_EthEnc28j60.c,294 :: 		
0x04CC	0x0E23      	MOVLW       _SPI_Ethernet_macAddr
0x04CE	0x6F66      	MOVWF       FARG_memcpy_d1, 1
0x04D0	0x0E00      	MOVLW       hi_addr(_SPI_Ethernet_macAddr)
0x04D2	0x6F67      	MOVWF       FARG_memcpy_d1+1, 1
0x04D4	0xF068C061  	MOVFF       FARG_SPI_Ethernet_Init_mac, FARG_memcpy_s1
0x04D8	0xF069C062  	MOVFF       FARG_SPI_Ethernet_Init_mac+1, FARG_memcpy_s1+1
0x04DC	0x0E06      	MOVLW       6
0x04DE	0x6F6A      	MOVWF       FARG_memcpy_n, 1
0x04E0	0x0E00      	MOVLW       0
0x04E2	0x6F6B      	MOVWF       FARG_memcpy_n+1, 1
0x04E4	0xDED6      	RCALL       _memcpy
;__Lib_EthEnc28j60.c,295 :: 		
0x04E6	0x0E5A      	MOVLW       _SPI_Ethernet_ipAddr
0x04E8	0x6F66      	MOVWF       FARG_memcpy_d1, 1
0x04EA	0x0E00      	MOVLW       hi_addr(_SPI_Ethernet_ipAddr)
0x04EC	0x6F67      	MOVWF       FARG_memcpy_d1+1, 1
0x04EE	0xF068C063  	MOVFF       FARG_SPI_Ethernet_Init_ip, FARG_memcpy_s1
0x04F2	0xF069C064  	MOVFF       FARG_SPI_Ethernet_Init_ip+1, FARG_memcpy_s1+1
0x04F6	0x0E04      	MOVLW       4
0x04F8	0x6F6A      	MOVWF       FARG_memcpy_n, 1
0x04FA	0x0E00      	MOVLW       0
0x04FC	0x6F6B      	MOVWF       FARG_memcpy_n+1, 1
0x04FE	0xDEC9      	RCALL       _memcpy
;__Lib_EthEnc28j60.c,298 :: 		
0x0500	0x0E1F      	MOVLW       31
0x0502	0x6F71      	MOVWF       FARG_SPI_Ethernet_clearBitReg_addr, 1
0x0504	0x0E01      	MOVLW       1
0x0506	0x6F72      	MOVWF       FARG_SPI_Ethernet_clearBitReg_mask, 1
0x0508	0xDDCF      	RCALL       _SPI_Ethernet_clearBitReg
0x050A	0x0E1F      	MOVLW       31
0x050C	0x0100      	MOVLB       0
0x050E	0x6F71      	MOVWF       FARG_SPI_Ethernet_clearBitReg_addr, 1
0x0510	0x0E02      	MOVLW       2
0x0512	0x6F72      	MOVWF       FARG_SPI_Ethernet_clearBitReg_mask, 1
0x0514	0xDDC9      	RCALL       _SPI_Ethernet_clearBitReg
;__Lib_EthEnc28j60.c,301 :: 		
0x0516	0x0E08      	MOVLW       8
0x0518	0x0100      	MOVLB       0
0x051A	0x6F6C      	MOVWF       FARG_SPI_Ethernet_writeAddr_addr, 1
0x051C	0x6B6D      	CLRF        FARG_SPI_Ethernet_writeAddr_v, 1
0x051E	0x6B6E      	CLRF        FARG_SPI_Ethernet_writeAddr_v+1, 1
0x0520	0xDE3F      	RCALL       _SPI_Ethernet_writeAddr
;__Lib_EthEnc28j60.c,302 :: 		
0x0522	0x0E0A      	MOVLW       10
0x0524	0x0100      	MOVLB       0
0x0526	0x6F6C      	MOVWF       FARG_SPI_Ethernet_writeAddr_addr, 1
0x0528	0x0EAD      	MOVLW       173
0x052A	0x6F6D      	MOVWF       FARG_SPI_Ethernet_writeAddr_v, 1
0x052C	0x0E19      	MOVLW       25
0x052E	0x6F6E      	MOVWF       FARG_SPI_Ethernet_writeAddr_v+1, 1
0x0530	0xDE37      	RCALL       _SPI_Ethernet_writeAddr
;__Lib_EthEnc28j60.c,303 :: 		
0x0532	0x0E0C      	MOVLW       12
0x0534	0x0100      	MOVLB       0
0x0536	0x6F6C      	MOVWF       FARG_SPI_Ethernet_writeAddr_addr, 1
0x0538	0x0EAD      	MOVLW       173
0x053A	0x6F6D      	MOVWF       FARG_SPI_Ethernet_writeAddr_v, 1
0x053C	0x0E19      	MOVLW       25
0x053E	0x6F6E      	MOVWF       FARG_SPI_Ethernet_writeAddr_v+1, 1
0x0540	0xDE2F      	RCALL       _SPI_Ethernet_writeAddr
;__Lib_EthEnc28j60.c,306 :: 		
0x0542	0x0100      	MOVLB       0
0x0544	0x6B6C      	CLRF        FARG_SPI_Ethernet_writeAddr_addr, 1
0x0546	0x6B6D      	CLRF        FARG_SPI_Ethernet_writeAddr_v, 1
0x0548	0x6B6E      	CLRF        FARG_SPI_Ethernet_writeAddr_v+1, 1
0x054A	0xDE2A      	RCALL       _SPI_Ethernet_writeAddr
;__Lib_EthEnc28j60.c,309 :: 		
0x054C	0x0E04      	MOVLW       4
0x054E	0x0100      	MOVLB       0
0x0550	0x6F6C      	MOVWF       FARG_SPI_Ethernet_writeAddr_addr, 1
0x0552	0x0EAE      	MOVLW       174
0x0554	0x6F6D      	MOVWF       FARG_SPI_Ethernet_writeAddr_v, 1
0x0556	0x0E19      	MOVLW       25
0x0558	0x6F6E      	MOVWF       FARG_SPI_Ethernet_writeAddr_v+1, 1
0x055A	0xDE22      	RCALL       _SPI_Ethernet_writeAddr
;__Lib_EthEnc28j60.c,318 :: 		
0x055C	0x0E1F      	MOVLW       31
0x055E	0x0100      	MOVLB       0
0x0560	0x6F71      	MOVWF       FARG_SPI_Ethernet_clearBitReg_addr, 1
0x0562	0x0E01      	MOVLW       1
0x0564	0x6F72      	MOVWF       FARG_SPI_Ethernet_clearBitReg_mask, 1
0x0566	0xDDA0      	RCALL       _SPI_Ethernet_clearBitReg
0x0568	0x0E1F      	MOVLW       31
0x056A	0x0100      	MOVLB       0
0x056C	0x6F71      	MOVWF       FARG_SPI_Ethernet_setBitReg_addr, 1
0x056E	0x0E02      	MOVLW       2
0x0570	0x6F72      	MOVWF       FARG_SPI_Ethernet_setBitReg_mask, 1
0x0572	0xDD7D      	RCALL       _SPI_Ethernet_setBitReg
;__Lib_EthEnc28j60.c,327 :: 		
0x0574	0xF05FC065  	MOVFF       FARG_SPI_Ethernet_Init_fullDuplex, FARG_SPI_Ethernet_Init2_fullDuplex
0x0578	0xDEB4      	RCALL       _SPI_Ethernet_Init2
;__Lib_EthEnc28j60.c,328 :: 		
L_end_SPI_Ethernet_Init:
0x057A	0x0012      	RETURN      0
; end of _SPI_Ethernet_Init
_main:
0x057C	0x6A15      	CLRF        _MACAddr 
0x057E	0x0E14      	MOVLW       20
0x0580	0x6E16      	MOVWF       22 
0x0582	0x0EA5      	MOVLW       165
0x0584	0x6E17      	MOVWF       23 
0x0586	0x0E76      	MOVLW       118
0x0588	0x6E18      	MOVWF       24 
0x058A	0x0E19      	MOVLW       25
0x058C	0x6E19      	MOVWF       25 
0x058E	0x0E3F      	MOVLW       63
0x0590	0x6E1A      	MOVWF       26 
0x0592	0x0EC0      	MOVLW       192
0x0594	0x6E1B      	MOVWF       _IPAddr 
0x0596	0x0EA9      	MOVLW       169
0x0598	0x6E1C      	MOVWF       28 
0x059A	0x0EC8      	MOVLW       200
0x059C	0x6E1D      	MOVWF       29 
0x059E	0x0E03      	MOVLW       3
0x05A0	0x6E1E      	MOVWF       30 
;WEBasedControl.c,59 :: 		void main()
;WEBasedControl.c,60 :: 		{ TRISD=0;        //POrt D as output
0x05A2	0x6A95      	CLRF        TRISD 
;WEBasedControl.c,61 :: 		ANSELC=0;          //Digital o/p port c and d
0x05A4	0x010F      	MOVLB       15
0x05A6	0x6B3A      	CLRF        ANSELC, 1
;WEBasedControl.c,62 :: 		ANSELD=0;
0x05A8	0x6B3B      	CLRF        ANSELD, 1
;WEBasedControl.c,63 :: 		PORTD=0;
0x05AA	0x6A83      	CLRF        PORTD 
;WEBasedControl.c,64 :: 		SPI1_Init();       //Initialize SPI Module
0x05AC	0xDF5D      	RCALL       _SPI1_Init
;WEBasedControl.c,65 :: 		SPI_Ethernet_Init(MACAddr,IPAddr,0x01); //    Ethernet Module
0x05AE	0x0E15      	MOVLW       _MACAddr
0x05B0	0x0100      	MOVLB       0
0x05B2	0x6F61      	MOVWF       FARG_SPI_Ethernet_Init_mac, 1
0x05B4	0x0E00      	MOVLW       hi_addr(_MACAddr)
0x05B6	0x6F62      	MOVWF       FARG_SPI_Ethernet_Init_mac+1, 1
0x05B8	0x0E1B      	MOVLW       _IPAddr
0x05BA	0x6F63      	MOVWF       FARG_SPI_Ethernet_Init_ip, 1
0x05BC	0x0E00      	MOVLW       hi_addr(_IPAddr)
0x05BE	0x6F64      	MOVWF       FARG_SPI_Ethernet_Init_ip+1, 1
0x05C0	0x0E01      	MOVLW       1
0x05C2	0x6F65      	MOVWF       FARG_SPI_Ethernet_Init_fullDuplex, 1
0x05C4	0xDF6A      	RCALL       _SPI_Ethernet_Init
;WEBasedControl.c,67 :: 		while(1)
L_main8:
;WEBasedControl.c,68 :: 		{SPI_Ethernet_Init(MACAddr,IPAddr,0x01); //Process next recieved data
0x05C6	0x0E15      	MOVLW       _MACAddr
0x05C8	0x0100      	MOVLB       0
0x05CA	0x6F61      	MOVWF       FARG_SPI_Ethernet_Init_mac, 1
0x05CC	0x0E00      	MOVLW       hi_addr(_MACAddr)
0x05CE	0x6F62      	MOVWF       FARG_SPI_Ethernet_Init_mac+1, 1
0x05D0	0x0E1B      	MOVLW       _IPAddr
0x05D2	0x6F63      	MOVWF       FARG_SPI_Ethernet_Init_ip, 1
0x05D4	0x0E00      	MOVLW       hi_addr(_IPAddr)
0x05D6	0x6F64      	MOVWF       FARG_SPI_Ethernet_Init_ip+1, 1
0x05D8	0x0E01      	MOVLW       1
0x05DA	0x6F65      	MOVWF       FARG_SPI_Ethernet_Init_fullDuplex, 1
0x05DC	0xDF5E      	RCALL       _SPI_Ethernet_Init
;WEBasedControl.c,69 :: 		}
0x05DE	0xD7F3      	BRA         L_main8
;WEBasedControl.c,70 :: 		}
L_end_main:
0x05E0	0xD7FF      	BRA         $+0
; end of _main
Symbol List:
//** Routines locations **
//ADDRESS    SIZE    PROCEDURE
//----------------------------------------------
0x001C      [18]    _SPI2_Read
0x002E      [18]    _SPI1_Read
0x0040      [24]    _____DoIFC
0x0058      [22]    _Delay_500us
0x006E      [58]    _SPI_Ethernet_setBitReg
0x00A8      [58]    _SPI_Ethernet_clearBitReg
0x00E2      [48]    _SPI_Ethernet_readReg
0x0112      [20]    _SPI_Ethernet_delay
0x0126      [58]    _SPI_Ethernet_writeReg
0x0160      [64]    _SPI_Ethernet_writePHY
0x01A0      [80]    _SPI_Ethernet_writeAddr
0x01F0     [102]    _SPI_Ethernet_readPHY
0x0256      [60]    _memset
0x0292      [80]    _memcpy
0x02E2     [374]    _SPI_Ethernet_Init2
0x0458      [16]    ___CC2DW
0x0468      [50]    _SPI1_Init
0x049A     [226]    _SPI_Ethernet_Init
0x057C     [102]    _main
//** Variables locations ** 
//ADDRESS    SIZE    VARIABLE
//----------------------------------------------
0x0000       [1]    UART2_Init_tmp_L0
0x0000       [1]    EEPROM_Write_SaveINTCON_L0
0x0000       [1]    SPI2_Write_tmp_L0
0x0000       [1]    R0
0x0000       [1]    SPI1_Write_tmp_L0
0x0000       [1]    FLASH_Erase_64_SaveINTCON_L0
0x0000       [1]    __Lib_SoftI2C_PutZerosToLATScl_temp_scl_L0
0x0000       [1]    UART1_Init_tmp_L0
0x0000       [1]    __Lib_SoftI2C_PutZerosToLATSda_temp_sda_L0
0x0001       [2]    FLASH_Read_N_Bytes_i_L0
0x0001       [1]    __Lib_TFT_16bit_JPEG_FileRead_i_L0
0x0001       [1]    __Lib_TFT_16bit_JPEG_FileReadBytes_Result_L0
0x0001       [1]    __Lib_TFT_JPEG_FileRead_i_L0
0x0001       [1]    R1
0x0001       [1]    __Lib_TFT_JPEG_FileReadBytes_Result_L0
0x0001       [1]    I2C2_Rd_tmp_L0
0x0001       [1]    FLASH_Erase_Write_64_i_L0
0x0001       [1]    ispunct_rslt_L0
0x0001       [1]    __Lib_PS2_Wait_Falling_nsample_L0
0x0001       [1]    UART2_Read___tmp_UART2_Read_L0
0x0001       [1]    UART1_Read___tmp_UART1_Read_L0
0x0001       [1]    FLASH_Write_64_i_L0
0x0001       [1]    I2C1_Rd_tmp_L0
0x0002       [2]    memset_pp_L0
0x0002       [1]    FLASH_Erase_Write_64_j_L0
0x0002       [2]    memcpy_dd_L0
0x0002       [2]    memchr_s_L0
0x0002       [1]    R2
0x0002       [2]    strlen_cp_L0
0x0002       [1]    FLASH_Write_64_SaveINTCON_L0
0x0003       [2]    MM_TotalFreeMemSize_Tot_L0
0x0003       [1]    FLASH_Erase_Write_64_SaveINTCON_L0
0x0003       [1]    MM_Init_i_L0
0x0003       [1]    R3
0x0003       [2]    memmove_tt_L0
0x0003       [2]    Ltrim_original_L0
0x0003       [1]    __Lib_Sprinti_?FLOC____Lib_Sprinti_Do_FillT29
0x0003       [2]    __Lib_MmcFat16_f16_toInt_l_L0
0x0004       [1]    __Lib_Sprinti_?FLOC____Lib_Sprinti_Do_FillT40
0x0004       [2]    frexp_pom_L0
0x0004       [2]    strncat_cp_L0
0x0004       [2]    memcpy_ss_L0
0x0004       [2]    strcat_cp_L0
0x0004       [2]    strcpy_cp_L0
0x0004       [2]    strncpy_cp_L0
0x0004       [2]    __Lib_MemManager_MM_GetMemAlign_P_L0
0x0004       [1]    R4
0x0005       [1]    MM_TotalFreeMemSize_i_L0
0x0005       [1]    __Lib_Sprinti_?FLOC____Lib_Sprinti_Do_FillT54
0x0005       [2]    LongWordToHex_input_half_L0
0x0005       [2]    LongIntToHex_input_half_L0
0x0005       [1]    R5
0x0005       [2]    Ltrim_p_L0
0x0005       [2]    memmove_ff_L0
0x0006       [1]    R6
0x0006       [1]    __Lib_MemManager_MM_GetMemAlign_i_L0
0x0006       [1]    __Lib_Sprinti_?FLOC____Lib_Sprinti_Do_FillT69
0x0007       [1]    __Lib_TFT_JPEG_GenerateHuffmanTables_bLength_L0
0x0007       [1]    R7
0x0007       [1]    __Lib_TFT_16bit_JPEG_GenerateHuffmanTables_bLength_L0
0x0008       [1]    __Lib_TFT_JPEG_GenerateHuffmanTables_bTable_L0
0x0008       [1]    R8
0x0008       [1]    __Lib_TFT_16bit_JPEG_GenerateHuffmanTables_bTable_L0
0x0009       [4]    __Lib_MmcFat16_f16_toLong_l_L0
0x0009       [1]    R9
0x000A       [1]    R10
0x000B       [1]    R11
0x000C       [1]    R12
0x000D       [1]    R13
0x000E       [1]    R14
0x000F       [1]    R15
0x0010       [1]    R16
0x0011       [1]    R17
0x0012       [1]    R18
0x0013       [1]    R19
0x0014       [1]    R20
0x0015       [6]    _MACAddr
0x001B       [4]    _IPAddr
0x001F       [4]    _SPI_Rd_Ptr
0x0023       [6]    _SPI_Ethernet_macAddr
0x0029       [4]    _SPI_Wr_Ptr
0x002D      [45]    _SPI_Ethernet_arpCache
0x005A       [4]    _SPI_Ethernet_ipAddr
0x005E       [1]    __Lib_EthEnc28j60_enc_hwRev
0x005F       [1]    FARG_SPI_Ethernet_Init2_fullDuplex
0x0060       [1]    ?FLOC___SPI_Ethernet_Init2T19
0x0061       [2]    FARG_SPI_Ethernet_Init_mac
0x0063       [2]    FARG_SPI_Ethernet_Init_ip
0x0065       [1]    FARG_SPI_Ethernet_Init_fullDuplex
0x0066       [2]    FARG_memcpy_d1
0x0066       [1]    ?FLOC___SPI_Ethernet_Init2T20
0x0067       [1]    ?FLOC___SPI_Ethernet_Init2T21
0x0068       [2]    FARG_memcpy_s1
0x0068       [1]    ?FLOC___SPI_Ethernet_Init2T33
0x0069       [1]    SPI_Ethernet_Init2_h_L0
0x006A       [2]    FARG_memcpy_n
0x006A       [1]    SPI_Ethernet_Init2_l_L0
0x006C       [1]    FARG_SPI_Ethernet_readPHY_reg
0x006C       [1]    FARG_SPI_Ethernet_writeAddr_addr
0x006C       [2]    FARG_memset_p1
0x006C       [1]    FARG_SPI_Ethernet_writePHY_reg
0x006D       [2]    FARG_SPI_Ethernet_readPHY_h
0x006D       [1]    FARG_SPI_Ethernet_writePHY_h
0x006D       [2]    FARG_SPI_Ethernet_writeAddr_v
0x006E       [1]    FARG_memset_character
0x006E       [1]    FARG_SPI_Ethernet_writePHY_l
0x006F       [2]    FARG_memset_n
0x006F       [2]    FARG_SPI_Ethernet_readPHY_l
0x0071       [1]    FARG_SPI_Ethernet_writeReg_addr
0x0071       [1]    FARG_SPI_Ethernet_readReg_addr
0x0071       [1]    FARG_SPI_Ethernet_clearBitReg_addr
0x0071       [1]    FARG_SPI_Ethernet_setBitReg_addr
0x0071       [1]    SPI_Ethernet_delay_i_L0
0x0072       [1]    FARG_SPI_Ethernet_clearBitReg_mask
0x0072       [1]    FARG_SPI_Ethernet_setBitReg_mask
0x0072       [1]    FARG_SPI_Ethernet_writeReg_v
0x0073       [1]    FARG_SPI1_Read_buffer
0x0073       [1]    FARG_SPI2_Read_buffer
0x0F3A       [1]    ANSELC
0x0F3B       [1]    ANSELD
0x0F6D       [1]    SSP2STAT
0x0F6F       [1]    SSP2BUF
0x0F82       [0]    SPI_Ethernet_Rst
0x0F82       [0]    SPI_Ethernet_CS
0x0F82       [0]    RC1_bit
0x0F82       [0]    RC0_bit
0x0F83       [1]    PORTD
0x0F94       [0]    TRISC3_bit
0x0F94       [0]    SPI_Ethernet_CS_Direction
0x0F94       [0]    TRISC5_bit
0x0F94       [0]    TRISC1_bit
0x0F94       [0]    TRISC4_bit
0x0F94       [0]    SPI_Ethernet_Rst_Direction
0x0F94       [0]    TRISC0_bit
0x0F95       [1]    TRISD
0x0FC6       [1]    SSP1CON1
0x0FC7       [1]    SSP1STAT
0x0FC9       [1]    SSP1BUF
0x0FD8       [1]    STATUS
0x0FD9       [1]    FSR2L
0x0FDA       [1]    FSR2H
0x0FDE       [1]    POSTINC2
0x0FE0       [1]    BSR
0x0FE1       [2]    FSR1
0x0FE1       [1]    FSR1L
0x0FE2       [1]    FSR1H
0x0FE4       [1]    PREINC1
0x0FE6       [1]    POSTINC1
0x0FE7       [1]    INDF1
0x0FE8       [1]    WREG
0x0FE9       [1]    FSR0L
0x0FEA       [1]    FSR0H
0x0FEE       [1]    POSTINC0
0x0FF2       [1]    INTCON
0x0FF3       [1]    PRODL
0x0FF4       [1]    PRODH
0x0FF5       [1]    TABLAT
0x0FF6       [1]    TBLPTRL
0x0FF7       [1]    TBLPTRH
0x0FF8       [1]    TBLPTRU
0x0FFD       [1]    TOSL
0x0FFE       [1]    TOSH
0x0FFF       [1]    TOSU
